<?xml version="1.0" encoding="UTF-8"?>
<!-- Generated by org.testng.reporters.JUnitXMLReporter -->
<testsuite ignored="0" hostname="DESKTOP-88Q5RS9" failures="2" tests="5" name="Surefire test" time="6.171" errors="0" timestamp="18 окт 2023 11:40:40 GMT">
  <testcase classname="com.spotify.ouath2.tests.PlaylistsTests" name="ShouldNotBeAbleToCreateAPlaylistWithExpiredToken" time="4.516"/>
  <testcase classname="com.spotify.ouath2.tests.PlaylistsTests" name="ShouldNotBeAbleToCreateAPlaylistWithoutName" time="5.776"/>
  <testcase classname="com.spotify.ouath2.tests.PlaylistsTests" name="ShouldBeAbleToUpdateAPlaylist" time="5.851">
    <failure type="java.lang.AssertionError" message="1 expectation failed.
Expected content-type &amp;quot;JSON&amp;quot; doesn&amp;apos;t match actual content-type &amp;quot;&amp;quot;.
">
      <![CDATA[java.lang.AssertionError: 1 expectation failed.
Expected content-type "JSON" doesn't match actual content-type "".

at org.codehaus.groovy.runtime.callsite.ConstructorSite$ConstructorSiteNoUnwrap.callConstructor(ConstructorSite.java:86)
at org.codehaus.groovy.runtime.callsite.CallSiteArray.defaultCallConstructor(CallSiteArray.java:57)
at org.codehaus.groovy.runtime.callsite.AbstractCallSite.callConstructor(AbstractCallSite.java:263)
at org.codehaus.groovy.runtime.callsite.AbstractCallSite.callConstructor(AbstractCallSite.java:277)
at io.restassured.internal.ResponseSpecificationImpl$HamcrestAssertionClosure.validate(ResponseSpecificationImpl.groovy:512)
at io.restassured.internal.ResponseSpecificationImpl$HamcrestAssertionClosure$validate$2.call(Unknown Source)
at io.restassured.internal.ResponseSpecificationImpl.validate(ResponseSpecificationImpl.groovy:101)
at io.restassured.internal.ValidatableResponseOptionsImpl.spec(ValidatableResponseOptionsImpl.java:288)
at com.spotify.ouath2.api.RestResource.update(RestResource.java:58)
at com.spotify.ouath2.api.applicationApi.PlaylistApi.update(PlaylistApi.java:31)
at com.spotify.ouath2.tests.PlaylistsTests.ShouldBeAbleToUpdateAPlaylist(PlaylistsTests.java:66)
at java.base/java.util.concurrent.ThreadPoolExecutor.runWorker(ThreadPoolExecutor.java:1130)
at java.base/java.util.concurrent.ThreadPoolExecutor$Worker.run(ThreadPoolExecutor.java:630)
at java.base/java.lang.Thread.run(Thread.java:832)
... Removed 17 stack frames]]>
    </failure>
  </testcase> <!-- ShouldBeAbleToUpdateAPlaylist -->
  <testcase classname="com.spotify.ouath2.tests.PlaylistsTests" name="ShouldBeAbleToGetAPlaylist" time="5.887"/>
  <testcase classname="com.spotify.ouath2.tests.PlaylistsTests" name="ShouldBeAbleToCreateAPlaylist" time="5.913">
    <failure type="java.lang.AssertionError" message="
Expected: &amp;quot;Description O93-O_6l_17_ Nu,mzbR_ _ ,-dO-ta1F,q-X,, __6U-,_1-6&amp;quot;
     but: was null">
      <![CDATA[java.lang.AssertionError: 
Expected: "Description O93-O_6l_17_ Nu,mzbR_ _ ,-dO-ta1F,q-X,, __6U-,_1-6"
     but: was null
at org.hamcrest.MatcherAssert.assertThat(MatcherAssert.java:18)
at org.hamcrest.MatcherAssert.assertThat(MatcherAssert.java:6)
at com.spotify.ouath2.tests.PlaylistsTests.assertPlaylistEqual(PlaylistsTests.java:102)
at com.spotify.ouath2.tests.PlaylistsTests.ShouldBeAbleToCreateAPlaylist(PlaylistsTests.java:45)
at java.base/java.util.concurrent.ThreadPoolExecutor.runWorker(ThreadPoolExecutor.java:1130)
at java.base/java.util.concurrent.ThreadPoolExecutor$Worker.run(ThreadPoolExecutor.java:630)
at java.base/java.lang.Thread.run(Thread.java:832)
... Removed 10 stack frames]]>
    </failure>
  </testcase> <!-- ShouldBeAbleToCreateAPlaylist -->
</testsuite> <!-- Surefire test -->
