<html>
<head>
<title>TestNG:  Surefire test</title>
<link href="../testng.css" rel="stylesheet" type="text/css" />
<link href="../my-testng.css" rel="stylesheet" type="text/css" />

<style type="text/css">
.log { display: none;} 
.stack-trace { display: none;} 
</style>
<script type="text/javascript">
<!--
function flip(e) {
  current = e.style.display;
  if (current == 'block') {
    e.style.display = 'none';
    return 0;
  }
  else {
    e.style.display = 'block';
    return 1;
  }
}

function toggleBox(szDivId, elem, msg1, msg2)
{
  var res = -1;  if (document.getElementById) {
    res = flip(document.getElementById(szDivId));
  }
  else if (document.all) {
    // this is the way old msie versions work
    res = flip(document.all[szDivId]);
  }
  if(elem) {
    if(res == 0) elem.innerHTML = msg1; else elem.innerHTML = msg2;
  }

}

function toggleAllBoxes() {
  if (document.getElementsByTagName) {
    d = document.getElementsByTagName('div');
    for (i = 0; i < d.length; i++) {
      if (d[i].className == 'log') {
        flip(d[i]);
      }
    }
  }
}

// -->
</script>

</head>
<body>
<h2 align='center'>Surefire test</h2><table border='1' align="center">
<tr>
<td>Tests passed/Failed/Skipped:</td><td>3/2/0</td>
</tr><tr>
<td>Started on:</td><td>Wed Oct 18 14:40:34 EEST 2023</td>
</tr>
<tr><td>Total time:</td><td>6 seconds (6171 ms)</td>
</tr><tr>
<td>Included groups:</td><td></td>
</tr><tr>
<td>Excluded groups:</td><td></td>
</tr>
</table><p/>
<small><i>(Hover the method name to see the test class name)</i></small><p/>
<table width='100%' border='1' class='invocation-failed'>
<tr><td colspan='4' align='center'><b>FAILED TESTS</b></td></tr>
<tr><td><b>Test method</b></td>
<td width="30%"><b>Exception</b></td>
<td width="10%"><b>Time (seconds)</b></td>
<td><b>Instance</b></td>
</tr>
<tr>
<td title='com.spotify.ouath2.tests.PlaylistsTests.ShouldBeAbleToCreateAPlaylist()'><b>ShouldBeAbleToCreateAPlaylist</b><br>Test class: com.spotify.ouath2.tests.PlaylistsTests<br>Test method: Should be able to create a playlist</td>
<td><div><pre>java.lang.AssertionError: 
Expected: &quot;Description O93-O_6l_17_ Nu,mzbR_ _ ,-dO-ta1F,q-X,, __6U-,_1-6&quot;
     but: was null
	at org.hamcrest.MatcherAssert.assertThat(MatcherAssert.java:18)
	at org.hamcrest.MatcherAssert.assertThat(MatcherAssert.java:6)
	at com.spotify.ouath2.tests.PlaylistsTests.assertPlaylistEqual(PlaylistsTests.java:102)
	at com.spotify.ouath2.tests.PlaylistsTests.ShouldBeAbleToCreateAPlaylist(PlaylistsTests.java:45)
	at java.base/java.util.concurrent.ThreadPoolExecutor.runWorker(ThreadPoolExecutor.java:1130)
	at java.base/java.util.concurrent.ThreadPoolExecutor$Worker.run(ThreadPoolExecutor.java:630)
	at java.base/java.lang.Thread.run(Thread.java:832)
... Removed 10 stack frames</pre></div><a href='#' onClick='toggleBox("stack-trace17076527", this, "Click to show all stack frames", "Click to hide stack frames")'>Click to show all stack frames</a>
<div class='stack-trace' id='stack-trace17076527'><pre>java.lang.AssertionError: 
Expected: &quot;Description O93-O_6l_17_ Nu,mzbR_ _ ,-dO-ta1F,q-X,, __6U-,_1-6&quot;
     but: was null
	at org.hamcrest.MatcherAssert.assertThat(MatcherAssert.java:18)
	at org.hamcrest.MatcherAssert.assertThat(MatcherAssert.java:6)
	at com.spotify.ouath2.tests.PlaylistsTests.assertPlaylistEqual(PlaylistsTests.java:102)
	at com.spotify.ouath2.tests.PlaylistsTests.ShouldBeAbleToCreateAPlaylist(PlaylistsTests.java:45)
	at java.base/jdk.internal.reflect.NativeMethodAccessorImpl.invoke0(Native Method)
	at java.base/jdk.internal.reflect.NativeMethodAccessorImpl.invoke(NativeMethodAccessorImpl.java:64)
	at java.base/jdk.internal.reflect.DelegatingMethodAccessorImpl.invoke(DelegatingMethodAccessorImpl.java:43)
	at java.base/java.lang.reflect.Method.invoke(Method.java:564)
	at org.testng.internal.MethodInvocationHelper.invokeMethod(MethodInvocationHelper.java:124)
	at org.testng.internal.Invoker.invokeMethod(Invoker.java:583)
	at org.testng.internal.Invoker.invokeTestMethod(Invoker.java:719)
	at org.testng.internal.Invoker.invokeTestMethods(Invoker.java:989)
	at org.testng.internal.TestMethodWorker.invokeTestMethods(TestMethodWorker.java:125)
	at org.testng.internal.TestMethodWorker.run(TestMethodWorker.java:109)
	at java.base/java.util.concurrent.ThreadPoolExecutor.runWorker(ThreadPoolExecutor.java:1130)
	at java.base/java.util.concurrent.ThreadPoolExecutor$Worker.run(ThreadPoolExecutor.java:630)
	at java.base/java.lang.Thread.run(Thread.java:832)
</pre></div></td>
<td>5</td>
<td>com.spotify.ouath2.tests.PlaylistsTests@63429932</td></tr>
<tr>
<td title='com.spotify.ouath2.tests.PlaylistsTests.ShouldBeAbleToUpdateAPlaylist()'><b>ShouldBeAbleToUpdateAPlaylist</b><br>Test class: com.spotify.ouath2.tests.PlaylistsTests</td>
<td><div><pre>java.lang.AssertionError: 1 expectation failed.
Expected content-type &quot;JSON&quot; doesn&apos;t match actual content-type &quot;&quot;.

	at org.codehaus.groovy.runtime.callsite.ConstructorSite$ConstructorSiteNoUnwrap.callConstructor(ConstructorSite.java:86)
	at org.codehaus.groovy.runtime.callsite.CallSiteArray.defaultCallConstructor(CallSiteArray.java:57)
	at org.codehaus.groovy.runtime.callsite.AbstractCallSite.callConstructor(AbstractCallSite.java:263)
	at org.codehaus.groovy.runtime.callsite.AbstractCallSite.callConstructor(AbstractCallSite.java:277)
	at io.restassured.internal.ResponseSpecificationImpl$HamcrestAssertionClosure.validate(ResponseSpecificationImpl.groovy:512)
	at io.restassured.internal.ResponseSpecificationImpl$HamcrestAssertionClosure$validate$2.call(Unknown Source)
	at io.restassured.internal.ResponseSpecificationImpl.validate(ResponseSpecificationImpl.groovy:101)
	at io.restassured.internal.ValidatableResponseOptionsImpl.spec(ValidatableResponseOptionsImpl.java:288)
	at com.spotify.ouath2.api.RestResource.update(RestResource.java:58)
	at com.spotify.ouath2.api.applicationApi.PlaylistApi.update(PlaylistApi.java:31)
	at com.spotify.ouath2.tests.PlaylistsTests.ShouldBeAbleToUpdateAPlaylist(PlaylistsTests.java:66)
	at java.base/java.util.concurrent.ThreadPoolExecutor.runWorker(ThreadPoolExecutor.java:1130)
	at java.base/java.util.concurrent.ThreadPoolExecutor$Worker.run(ThreadPoolExecutor.java:630)
	at java.base/java.lang.Thread.run(Thread.java:832)
... Removed 17 stack frames</pre></div><a href='#' onClick='toggleBox("stack-trace894071781", this, "Click to show all stack frames", "Click to hide stack frames")'>Click to show all stack frames</a>
<div class='stack-trace' id='stack-trace894071781'><pre>java.lang.AssertionError: 1 expectation failed.
Expected content-type &quot;JSON&quot; doesn&apos;t match actual content-type &quot;&quot;.

	at java.base/jdk.internal.reflect.NativeConstructorAccessorImpl.newInstance0(Native Method)
	at java.base/jdk.internal.reflect.NativeConstructorAccessorImpl.newInstance(NativeConstructorAccessorImpl.java:64)
	at java.base/jdk.internal.reflect.DelegatingConstructorAccessorImpl.newInstance(DelegatingConstructorAccessorImpl.java:45)
	at java.base/java.lang.reflect.Constructor.newInstanceWithCaller(Constructor.java:500)
	at java.base/java.lang.reflect.Constructor.newInstance(Constructor.java:481)
	at org.codehaus.groovy.reflection.CachedConstructor.invoke(CachedConstructor.java:73)
	at org.codehaus.groovy.reflection.CachedConstructor.doConstructorInvoke(CachedConstructor.java:60)
	at org.codehaus.groovy.runtime.callsite.ConstructorSite$ConstructorSiteNoUnwrap.callConstructor(ConstructorSite.java:86)
	at org.codehaus.groovy.runtime.callsite.CallSiteArray.defaultCallConstructor(CallSiteArray.java:57)
	at org.codehaus.groovy.runtime.callsite.AbstractCallSite.callConstructor(AbstractCallSite.java:263)
	at org.codehaus.groovy.runtime.callsite.AbstractCallSite.callConstructor(AbstractCallSite.java:277)
	at io.restassured.internal.ResponseSpecificationImpl$HamcrestAssertionClosure.validate(ResponseSpecificationImpl.groovy:512)
	at io.restassured.internal.ResponseSpecificationImpl$HamcrestAssertionClosure$validate$2.call(Unknown Source)
	at io.restassured.internal.ResponseSpecificationImpl.validate(ResponseSpecificationImpl.groovy:101)
	at io.restassured.internal.ValidatableResponseOptionsImpl.spec(ValidatableResponseOptionsImpl.java:288)
	at com.spotify.ouath2.api.RestResource.update(RestResource.java:58)
	at com.spotify.ouath2.api.applicationApi.PlaylistApi.update(PlaylistApi.java:31)
	at com.spotify.ouath2.tests.PlaylistsTests.ShouldBeAbleToUpdateAPlaylist(PlaylistsTests.java:66)
	at java.base/jdk.internal.reflect.NativeMethodAccessorImpl.invoke0(Native Method)
	at java.base/jdk.internal.reflect.NativeMethodAccessorImpl.invoke(NativeMethodAccessorImpl.java:64)
	at java.base/jdk.internal.reflect.DelegatingMethodAccessorImpl.invoke(DelegatingMethodAccessorImpl.java:43)
	at java.base/java.lang.reflect.Method.invoke(Method.java:564)
	at org.testng.internal.MethodInvocationHelper.invokeMethod(MethodInvocationHelper.java:124)
	at org.testng.internal.Invoker.invokeMethod(Invoker.java:583)
	at org.testng.internal.Invoker.invokeTestMethod(Invoker.java:719)
	at org.testng.internal.Invoker.invokeTestMethods(Invoker.java:989)
	at org.testng.internal.TestMethodWorker.invokeTestMethods(TestMethodWorker.java:125)
	at org.testng.internal.TestMethodWorker.run(TestMethodWorker.java:109)
	at java.base/java.util.concurrent.ThreadPoolExecutor.runWorker(ThreadPoolExecutor.java:1130)
	at java.base/java.util.concurrent.ThreadPoolExecutor$Worker.run(ThreadPoolExecutor.java:630)
	at java.base/java.lang.Thread.run(Thread.java:832)
</pre></div></td>
<td>5</td>
<td>com.spotify.ouath2.tests.PlaylistsTests@63429932</td></tr>
</table><p>
<table width='100%' border='1' class='invocation-passed'>
<tr><td colspan='4' align='center'><b>PASSED TESTS</b></td></tr>
<tr><td><b>Test method</b></td>
<td width="30%"><b>Exception</b></td>
<td width="10%"><b>Time (seconds)</b></td>
<td><b>Instance</b></td>
</tr>
<tr>
<td title='com.spotify.ouath2.tests.PlaylistsTests.ShouldBeAbleToGetAPlaylist()'><b>ShouldBeAbleToGetAPlaylist</b><br>Test class: com.spotify.ouath2.tests.PlaylistsTests</td>
<td></td>
<td>5</td>
<td>com.spotify.ouath2.tests.PlaylistsTests@63429932</td></tr>
<tr>
<td title='com.spotify.ouath2.tests.PlaylistsTests.ShouldNotBeAbleToCreateAPlaylistWithExpiredToken()'><b>ShouldNotBeAbleToCreateAPlaylistWithExpiredToken</b><br>Test class: com.spotify.ouath2.tests.PlaylistsTests</td>
<td></td>
<td>4</td>
<td>com.spotify.ouath2.tests.PlaylistsTests@63429932</td></tr>
<tr>
<td title='com.spotify.ouath2.tests.PlaylistsTests.ShouldNotBeAbleToCreateAPlaylistWithoutName()'><b>ShouldNotBeAbleToCreateAPlaylistWithoutName</b><br>Test class: com.spotify.ouath2.tests.PlaylistsTests</td>
<td></td>
<td>5</td>
<td>com.spotify.ouath2.tests.PlaylistsTests@63429932</td></tr>
</table><p>
</body>
</html>